<?xml version="1.0" encoding="UTF-8"?>
<!-- Generated by org.testng.reporters.JUnitReportReporter -->
<testsuite hostname="LAPTOP-RG2DJRNT" failures="0" tests="3" name="com.Runner.runnerTestNG" time="34.235" errors="0" timestamp="2025-04-07T17:05:27 IST" skipped="0">
  <testcase classname="com.Runner.runnerTestNG" name="runScenario" time="7.138"/>
  <testcase classname="com.Runner.runnerTestNG" name="runScenario" time="20.586"/>
  <testcase classname="com.Runner.runnerTestNG" name="runScenario" time="6.511"/>
</testsuite> <!-- com.Runner.runnerTestNG -->
