<?xml version="1.0" encoding="UTF-8"?>
<!-- Generated by org.testng.reporters.JUnitReportReporter -->
<testsuite hostname="LAPTOP-RG2DJRNT" failures="0" tests="3" name="com.Runner.runnerTestNG" time="42.427" errors="0" timestamp="2025-04-07T19:52:43 IST" skipped="0">
  <testcase classname="com.Runner.runnerTestNG" name="runScenario" time="24.351"/>
  <testcase classname="com.Runner.runnerTestNG" name="runScenario" time="9.780"/>
  <testcase classname="com.Runner.runnerTestNG" name="runScenario" time="8.296"/>
</testsuite> <!-- com.Runner.runnerTestNG -->
