<?xml version="1.0" encoding="UTF-8"?>
<!-- Generated by org.testng.reporters.JUnitReportReporter -->
<testsuite hostname="LAPTOP-RG2DJRNT" failures="0" tests="3" name="com.Runner.runnerTestNG" time="32.404" errors="0" timestamp="2025-04-07T17:12:15 IST" skipped="0">
  <testcase classname="com.Runner.runnerTestNG" name="runScenario" time="8.080"/>
  <testcase classname="com.Runner.runnerTestNG" name="runScenario" time="18.306"/>
  <testcase classname="com.Runner.runnerTestNG" name="runScenario" time="6.018"/>
</testsuite> <!-- com.Runner.runnerTestNG -->
