<?xml version="1.0" encoding="UTF-8"?>
<!-- Generated by org.testng.reporters.JUnitReportReporter -->
<testsuite hostname="LAPTOP-RG2DJRNT" failures="0" tests="3" name="com.Runner.runnerTestNG" time="46.646" errors="0" timestamp="2025-04-07T19:41:07 IST" skipped="0">
  <testcase classname="com.Runner.runnerTestNG" name="runScenario" time="7.841"/>
  <testcase classname="com.Runner.runnerTestNG" name="runScenario" time="24.852"/>
  <testcase classname="com.Runner.runnerTestNG" name="runScenario" time="13.953"/>
</testsuite> <!-- com.Runner.runnerTestNG -->
